# JRE version: 7.0_25-b15
# Java VM: Java HotSpot(TM) 64-Bit Server VM (23.25-b01 mixed mode bsd-amd64 compressed oops)
Heap
 def new generation   total 200320K, used 132184K [0x0000000108b80000, 0x00000001164d0000, 0x000000011e0d0000)
  eden space 178112K,  72% used [0x0000000108b80000, 0x00000001109f9e48, 0x0000000113970000)
  from space 22208K,  12% used [0x0000000113970000, 0x0000000113c0c3c0, 0x0000000114f20000)
  to   space 22208K,   0% used [0x0000000114f20000, 0x0000000114f20000, 0x00000001164d0000)
 tenured generation   total 444920K, used 266951K [0x000000011e0d0000, 0x000000013934e000, 0x0000000148b80000)
   the space 444920K,  59% used [0x000000011e0d0000, 0x000000012e581ff8, 0x000000012e582000, 0x000000013934e000)
 compacting perm gen  total 21248K, used 15043K [0x0000000148b80000, 0x000000014a040000, 0x000000014dd80000)
   the space 21248K,  70% used [0x0000000148b80000, 0x0000000149a30c98, 0x0000000149a30e00, 0x000000014a040000)
GC Heap History (10 events):
Event: 15851.158 GC heap before
{Heap before GC invocations=3381 (full 5):
 def new generation   total 200320K, used 180127K [0x0000000108b80000, 0x00000001164d0000, 0x000000011e0d0000)
  eden space 178112K, 100% used [0x0000000108b80000, 0x0000000113970000, 0x0000000113970000)
  from space 22208K,   9% used [0x0000000114f20000, 0x0000000115117f58, 0x00000001164d0000)
  to   space 22208K,   0% used [0x0000000113970000, 0x0000000113970000, 0x0000000114f20000)
 tenured generation   total 444920K, used 266951K [0x000000011e0d0000, 0x000000013934e000, 0x0000000148b80000)
   the space 444920K,  59% used [0x000000011e0d0000, 0x000000012e581ff8, 0x000000012e582000, 0x000000013934e000)
 compacting perm gen  total 21248K, used 15043K [0x0000000148b80000, 0x000000014a040000, 0x000000014dd80000)
   the space 21248K,  70% used [0x0000000148b80000, 0x0000000149a30c98, 0x0000000149a30e00, 0x000000014a040000)
No shared spaces configured.
Event: 15851.164 GC heap after
Heap after GC invocations=3382 (full 5):
 def new generation   total 200320K, used 2165K [0x0000000108b80000, 0x00000001164d0000, 0x000000011e0d0000)
  eden space 178112K,   0% used [0x0000000108b80000, 0x0000000108b80000, 0x0000000113970000)
  from space 22208K,   9% used [0x0000000113970000, 0x0000000113b8d6b8, 0x0000000114f20000)
  to   space 22208K,   0% used [0x0000000114f20000, 0x0000000114f20000, 0x00000001164d0000)
 tenured generation   total 444920K, used 266951K [0x000000011e0d0000, 0x000000013934e000, 0x0000000148b80000)
   the space 444920K,  59% used [0x000000011e0d0000, 0x000000012e581ff8, 0x000000012e582000, 0x000000013934e000)
 compacting perm gen  total 21248K, used 15043K [0x0000000148b80000, 0x000000014a040000, 0x000000014dd80000)
   the space 21248K,  70% used [0x0000000148b80000, 0x0000000149a30c98, 0x0000000149a30e00, 0x000000014a040000)
No shared spaces configured.
}
Event: 15858.910 GC heap before
{Heap before GC invocations=3382 (full 5):
 def new generation   total 200320K, used 180277K [0x0000000108b80000, 0x00000001164d0000, 0x000000011e0d0000)
  eden space 178112K, 100% used [0x0000000108b80000, 0x0000000113970000, 0x0000000113970000)
  from space 22208K,   9% used [0x0000000113970000, 0x0000000113b8d6b8, 0x0000000114f20000)
  to   space 22208K,   0% used [0x0000000114f20000, 0x0000000114f20000, 0x00000001164d0000)
 tenured generation   total 444920K, used 266951K [0x000000011e0d0000, 0x000000013934e000, 0x0000000148b80000)
   the space 444920K,  59% used [0x000000011e0d0000, 0x000000012e581ff8, 0x000000012e582000, 0x000000013934e000)
 compacting perm gen  total 21248K, used 15043K [0x0000000148b80000, 0x000000014a040000, 0x000000014dd80000)
   the space 21248K,  70% used [0x0000000148b80000, 0x0000000149a30c98, 0x0000000149a30e00, 0x000000014a040000)
No shared spaces configured.
Event: 15858.916 GC heap after
Heap after GC invocations=3383 (full 5):
 def new generation   total 200320K, used 2264K [0x0000000108b80000, 0x00000001164d0000, 0x000000011e0d0000)
  eden space 178112K,   0% used [0x0000000108b80000, 0x0000000108b80000, 0x0000000113970000)
  from space 22208K,  10% used [0x0000000114f20000, 0x0000000115156280, 0x00000001164d0000)
  to   space 22208K,   0% used [0x0000000113970000, 0x0000000113970000, 0x0000000114f20000)
 tenured generation   total 444920K, used 266951K [0x000000011e0d0000, 0x000000013934e000, 0x0000000148b80000)
   the space 444920K,  59% used [0x000000011e0d0000, 0x000000012e581ff8, 0x000000012e582000, 0x000000013934e000)
 compacting perm gen  total 21248K, used 15043K [0x0000000148b80000, 0x000000014a040000, 0x000000014dd80000)
   the space 21248K,  70% used [0x0000000148b80000, 0x0000000149a30c98, 0x0000000149a30e00, 0x000000014a040000)
No shared spaces configured.
}
Event: 15866.644 GC heap before
{Heap before GC invocations=3383 (full 5):
 def new generation   total 200320K, used 180376K [0x0000000108b80000, 0x00000001164d0000, 0x000000011e0d0000)
  eden space 178112K, 100% used [0x0000000108b80000, 0x0000000113970000, 0x0000000113970000)
  from space 22208K,  10% used [0x0000000114f20000, 0x0000000115156280, 0x00000001164d0000)
  to   space 22208K,   0% used [0x0000000113970000, 0x0000000113970000, 0x0000000114f20000)
 tenured generation   total 444920K, used 266951K [0x000000011e0d0000, 0x000000013934e000, 0x0000000148b80000)
   the space 444920K,  59% used [0x000000011e0d0000, 0x000000012e581ff8, 0x000000012e582000, 0x000000013934e000)
 compacting perm gen  total 21248K, used 15043K [0x0000000148b80000, 0x000000014a040000, 0x000000014dd80000)
   the space 21248K,  70% used [0x0000000148b80000, 0x0000000149a30c98, 0x0000000149a30e00, 0x000000014a040000)
No shared spaces configured.
Event: 15866.650 GC heap after
Heap after GC invocations=3384 (full 5):
 def new generation   total 200320K, used 2375K [0x0000000108b80000, 0x00000001164d0000, 0x000000011e0d0000)
  eden space 178112K,   0% used [0x0000000108b80000, 0x0000000108b80000, 0x0000000113970000)
  from space 22208K,  10% used [0x0000000113970000, 0x0000000113bc1f68, 0x0000000114f20000)
  to   space 22208K,   0% used [0x0000000114f20000, 0x0000000114f20000, 0x00000001164d0000)
 tenured generation   total 444920K, used 266951K [0x000000011e0d0000, 0x000000013934e000, 0x0000000148b80000)
   the space 444920K,  59% used [0x000000011e0d0000, 0x000000012e581ff8, 0x000000012e582000, 0x000000013934e000)
 compacting perm gen  total 21248K, used 15043K [0x0000000148b80000, 0x000000014a040000, 0x000000014dd80000)
   the space 21248K,  70% used [0x0000000148b80000, 0x0000000149a30c98, 0x0000000149a30e00, 0x000000014a040000)
No shared spaces configured.
}
Event: 15875.759 GC heap before
{Heap before GC invocations=3384 (full 5):
 def new generation   total 200320K, used 180487K [0x0000000108b80000, 0x00000001164d0000, 0x000000011e0d0000)
  eden space 178112K, 100% used [0x0000000108b80000, 0x0000000113970000, 0x0000000113970000)
  from space 22208K,  10% used [0x0000000113970000, 0x0000000113bc1f68, 0x0000000114f20000)
  to   space 22208K,   0% used [0x0000000114f20000, 0x0000000114f20000, 0x00000001164d0000)
 tenured generation   total 444920K, used 266951K [0x000000011e0d0000, 0x000000013934e000, 0x0000000148b80000)
   the space 444920K,  59% used [0x000000011e0d0000, 0x000000012e581ff8, 0x000000012e582000, 0x000000013934e000)
 compacting perm gen  total 21248K, used 15043K [0x0000000148b80000, 0x000000014a040000, 0x000000014dd80000)
   the space 21248K,  70% used [0x0000000148b80000, 0x0000000149a30c98, 0x0000000149a30e00, 0x000000014a040000)
No shared spaces configured.
Event: 15875.767 GC heap after
Heap after GC invocations=3385 (full 5):
 def new generation   total 200320K, used 2534K [0x0000000108b80000, 0x00000001164d0000, 0x000000011e0d0000)
  eden space 178112K,   0% used [0x0000000108b80000, 0x0000000108b80000, 0x0000000113970000)
  from space 22208K,  11% used [0x0000000114f20000, 0x00000001151998b0, 0x00000001164d0000)
  to   space 22208K,   0% used [0x0000000113970000, 0x0000000113970000, 0x0000000114f20000)
 tenured generation   total 444920K, used 266951K [0x000000011e0d0000, 0x000000013934e000, 0x0000000148b80000)
   the space 444920K,  59% used [0x000000011e0d0000, 0x000000012e581ff8, 0x000000012e582000, 0x000000013934e000)
 compacting perm gen  total 21248K, used 15043K [0x0000000148b80000, 0x000000014a040000, 0x000000014dd80000)
   the space 21248K,  70% used [0x0000000148b80000, 0x0000000149a30c98, 0x0000000149a30e00, 0x000000014a040000)
No shared spaces configured.
}
Event: 15883.180 GC heap before
{Heap before GC invocations=3385 (full 5):
 def new generation   total 200320K, used 180646K [0x0000000108b80000, 0x00000001164d0000, 0x000000011e0d0000)
  eden space 178112K, 100% used [0x0000000108b80000, 0x0000000113970000, 0x0000000113970000)
  from space 22208K,  11% used [0x0000000114f20000, 0x00000001151998b0, 0x00000001164d0000)
  to   space 22208K,   0% used [0x0000000113970000, 0x0000000113970000, 0x0000000114f20000)
 tenured generation   total 444920K, used 266951K [0x000000011e0d0000, 0x000000013934e000, 0x0000000148b80000)
   the space 444920K,  59% used [0x000000011e0d0000, 0x000000012e581ff8, 0x000000012e582000, 0x000000013934e000)
 compacting perm gen  total 21248K, used 15043K [0x0000000148b80000, 0x000000014a040000, 0x000000014dd80000)
   the space 21248K,  70% used [0x0000000148b80000, 0x0000000149a30c98, 0x0000000149a30e00, 0x000000014a040000)
No shared spaces configured.
Event: 15883.187 GC heap after
Heap after GC invocations=3386 (full 5):
 def new generation   total 200320K, used 2672K [0x0000000108b80000, 0x00000001164d0000, 0x000000011e0d0000)
  eden space 178112K,   0% used [0x0000000108b80000, 0x0000000108b80000, 0x0000000113970000)
  from space 22208K,  12% used [0x0000000113970000, 0x0000000113c0c3c0, 0x0000000114f20000)
  to   space 22208K,   0% used [0x0000000114f20000, 0x0000000114f20000, 0x00000001164d0000)
 tenured generation   total 444920K, used 266951K [0x000000011e0d0000, 0x000000013934e000, 0x0000000148b80000)
   the space 444920K,  59% used [0x000000011e0d0000, 0x000000012e581ff8, 0x000000012e582000, 0x000000013934e000)
 compacting perm gen  total 21248K, used 15043K [0x0000000148b80000, 0x000000014a040000, 0x000000014dd80000)
   the space 21248K,  70% used [0x0000000148b80000, 0x0000000149a30c98, 0x0000000149a30e00, 0x000000014a040000)
No shared spaces configured.
}

