# JRE version: 7.0_25-b15
# Java VM: Java HotSpot(TM) 64-Bit Server VM (23.25-b01 mixed mode bsd-amd64 compressed oops)
Heap
 PSYoungGen      total 334080K, used 52007K [0x0000000139380000, 0x000000014df30000, 0x000000014e8d0000)
  eden space 328896K, 14% used [0x0000000139380000,0x000000013c191cf0,0x000000014d4b0000)
  from space 5184K, 93% used [0x000000014da20000,0x000000014ded8000,0x000000014df30000)
  to   space 5376K, 0% used [0x000000014d4b0000,0x000000014d4b0000,0x000000014d9f0000)
 ParOldGen       total 313536K, used 222444K [0x000000010e8d0000, 0x0000000121b00000, 0x0000000139380000)
  object space 313536K, 70% used [0x000000010e8d0000,0x000000011c20b0e8,0x0000000121b00000)
 PSPermGen       total 26240K, used 15060K [0x00000001096d0000, 0x000000010b070000, 0x000000010e8d0000)
  object space 26240K, 57% used [0x00000001096d0000,0x000000010a585030,0x000000010b070000)
GC Heap History (10 events):
Event: 30682.600 GC heap before
{Heap before GC invocations=963 (full 5):
 PSYoungGen      total 321984K, used 321472K [0x0000000139380000, 0x000000014d6d0000, 0x000000014e8d0000)
  eden space 316736K, 100% used [0x0000000139380000,0x000000014c8d0000,0x000000014c8d0000)
  from space 5248K, 90% used [0x000000014c8d0000,0x000000014cd70000,0x000000014cdf0000)
  to   space 5248K, 0% used [0x000000014d1b0000,0x000000014d1b0000,0x000000014d6d0000)
 ParOldGen       total 313536K, used 221236K [0x000000010e8d0000, 0x0000000121b00000, 0x0000000139380000)
  object space 313536K, 70% used [0x000000010e8d0000,0x000000011c0dd0e8,0x0000000121b00000)
 PSPermGen       total 26240K, used 15060K [0x00000001096d0000, 0x000000010b070000, 0x000000010e8d0000)
  object space 26240K, 57% used [0x00000001096d0000,0x000000010a585030,0x000000010b070000)
Event: 30682.611 GC heap after
Heap after GC invocations=963 (full 5):
 PSYoungGen      total 325760K, used 4704K [0x0000000139380000, 0x000000014d720000, 0x000000014e8d0000)
  eden space 320512K, 0% used [0x0000000139380000,0x0000000139380000,0x000000014cc80000)
  from space 5248K, 89% used [0x000000014d1b0000,0x000000014d648000,0x000000014d6d0000)
  to   space 5312K, 0% used [0x000000014cc80000,0x000000014cc80000,0x000000014d1b0000)
 ParOldGen       total 313536K, used 221476K [0x000000010e8d0000, 0x0000000121b00000, 0x0000000139380000)
  object space 313536K, 70% used [0x000000010e8d0000,0x000000011c1190e8,0x0000000121b00000)
 PSPermGen       total 26240K, used 15060K [0x00000001096d0000, 0x000000010b070000, 0x000000010e8d0000)
  object space 26240K, 57% used [0x00000001096d0000,0x000000010a585030,0x000000010b070000)
}
Event: 30694.829 GC heap before
{Heap before GC invocations=964 (full 5):
 PSYoungGen      total 325760K, used 325216K [0x0000000139380000, 0x000000014d720000, 0x000000014e8d0000)
  eden space 320512K, 100% used [0x0000000139380000,0x000000014cc80000,0x000000014cc80000)
  from space 5248K, 89% used [0x000000014d1b0000,0x000000014d648000,0x000000014d6d0000)
  to   space 5312K, 0% used [0x000000014cc80000,0x000000014cc80000,0x000000014d1b0000)
 ParOldGen       total 313536K, used 221476K [0x000000010e8d0000, 0x0000000121b00000, 0x0000000139380000)
  object space 313536K, 70% used [0x000000010e8d0000,0x000000011c1190e8,0x0000000121b00000)
 PSPermGen       total 26240K, used 15060K [0x00000001096d0000, 0x000000010b070000, 0x000000010e8d0000)
  object space 26240K, 57% used [0x00000001096d0000,0x000000010a585030,0x000000010b070000)
Event: 30694.837 GC heap after
Heap after GC invocations=964 (full 5):
 PSYoungGen      total 325824K, used 4768K [0x0000000139380000, 0x000000014dad0000, 0x000000014e8d0000)
  eden space 320512K, 0% used [0x0000000139380000,0x0000000139380000,0x000000014cc80000)
  from space 5312K, 89% used [0x000000014cc80000,0x000000014d128000,0x000000014d1b0000)
  to   space 5312K, 0% used [0x000000014d5a0000,0x000000014d5a0000,0x000000014dad0000)
 ParOldGen       total 313536K, used 221716K [0x000000010e8d0000, 0x0000000121b00000, 0x0000000139380000)
  object space 313536K, 70% used [0x000000010e8d0000,0x000000011c1550e8,0x0000000121b00000)
 PSPermGen       total 26240K, used 15060K [0x00000001096d0000, 0x000000010b070000, 0x000000010e8d0000)
  object space 26240K, 57% used [0x00000001096d0000,0x000000010a585030,0x000000010b070000)
}
Event: 30709.454 GC heap before
{Heap before GC invocations=965 (full 5):
 PSYoungGen      total 325824K, used 325280K [0x0000000139380000, 0x000000014dad0000, 0x000000014e8d0000)
  eden space 320512K, 100% used [0x0000000139380000,0x000000014cc80000,0x000000014cc80000)
  from space 5312K, 89% used [0x000000014cc80000,0x000000014d128000,0x000000014d1b0000)
  to   space 5312K, 0% used [0x000000014d5a0000,0x000000014d5a0000,0x000000014dad0000)
 ParOldGen       total 313536K, used 221716K [0x000000010e8d0000, 0x0000000121b00000, 0x0000000139380000)
  object space 313536K, 70% used [0x000000010e8d0000,0x000000011c1550e8,0x0000000121b00000)
 PSPermGen       total 26240K, used 15060K [0x00000001096d0000, 0x000000010b070000, 0x000000010e8d0000)
  object space 26240K, 57% used [0x00000001096d0000,0x000000010a585030,0x000000010b070000)
Event: 30709.465 GC heap after
Heap after GC invocations=965 (full 5):
 PSYoungGen      total 329856K, used 4736K [0x0000000139380000, 0x000000014dae0000, 0x000000014e8d0000)
  eden space 324544K, 0% used [0x0000000139380000,0x0000000139380000,0x000000014d070000)
  from space 5312K, 89% used [0x000000014d5a0000,0x000000014da40000,0x000000014dad0000)
  to   space 5312K, 0% used [0x000000014d070000,0x000000014d070000,0x000000014d5a0000)
 ParOldGen       total 313536K, used 221964K [0x000000010e8d0000, 0x0000000121b00000, 0x0000000139380000)
  object space 313536K, 70% used [0x000000010e8d0000,0x000000011c1930e8,0x0000000121b00000)
 PSPermGen       total 26240K, used 15060K [0x00000001096d0000, 0x000000010b070000, 0x000000010e8d0000)
  object space 26240K, 57% used [0x00000001096d0000,0x000000010a585030,0x000000010b070000)
}
Event: 30722.651 GC heap before
{Heap before GC invocations=966 (full 5):
 PSYoungGen      total 329856K, used 329280K [0x0000000139380000, 0x000000014dae0000, 0x000000014e8d0000)
  eden space 324544K, 100% used [0x0000000139380000,0x000000014d070000,0x000000014d070000)
  from space 5312K, 89% used [0x000000014d5a0000,0x000000014da40000,0x000000014dad0000)
  to   space 5312K, 0% used [0x000000014d070000,0x000000014d070000,0x000000014d5a0000)
 ParOldGen       total 313536K, used 221964K [0x000000010e8d0000, 0x0000000121b00000, 0x0000000139380000)
  object space 313536K, 70% used [0x000000010e8d0000,0x000000011c1930e8,0x0000000121b00000)
 PSPermGen       total 26240K, used 15060K [0x00000001096d0000, 0x000000010b070000, 0x000000010e8d0000)
  object space 26240K, 57% used [0x00000001096d0000,0x000000010a585030,0x000000010b070000)
Event: 30722.665 GC heap after
Heap after GC invocations=966 (full 5):
 PSYoungGen      total 329856K, used 4832K [0x0000000139380000, 0x000000014df60000, 0x000000014e8d0000)
  eden space 324544K, 0% used [0x0000000139380000,0x0000000139380000,0x000000014d070000)
  from space 5312K, 90% used [0x000000014d070000,0x000000014d528000,0x000000014d5a0000)
  to   space 5376K, 0% used [0x000000014da20000,0x000000014da20000,0x000000014df60000)
 ParOldGen       total 313536K, used 222204K [0x000000010e8d0000, 0x0000000121b00000, 0x0000000139380000)
  object space 313536K, 70% used [0x000000010e8d0000,0x000000011c1cf0e8,0x0000000121b00000)
 PSPermGen       total 26240K, used 15060K [0x00000001096d0000, 0x000000010b070000, 0x000000010e8d0000)
  object space 26240K, 57% used [0x00000001096d0000,0x000000010a585030,0x000000010b070000)
}
Event: 30736.990 GC heap before
{Heap before GC invocations=967 (full 5):
 PSYoungGen      total 329856K, used 329376K [0x0000000139380000, 0x000000014df60000, 0x000000014e8d0000)
  eden space 324544K, 100% used [0x0000000139380000,0x000000014d070000,0x000000014d070000)
  from space 5312K, 90% used [0x000000014d070000,0x000000014d528000,0x000000014d5a0000)
  to   space 5376K, 0% used [0x000000014da20000,0x000000014da20000,0x000000014df60000)
 ParOldGen       total 313536K, used 222204K [0x000000010e8d0000, 0x0000000121b00000, 0x0000000139380000)
  object space 313536K, 70% used [0x000000010e8d0000,0x000000011c1cf0e8,0x0000000121b00000)
 PSPermGen       total 26240K, used 15060K [0x00000001096d0000, 0x000000010b070000, 0x000000010e8d0000)
  object space 26240K, 57% used [0x00000001096d0000,0x000000010a585030,0x000000010b070000)
Event: 30737.000 GC heap after
Heap after GC invocations=967 (full 5):
 PSYoungGen      total 334080K, used 4832K [0x0000000139380000, 0x000000014df30000, 0x000000014e8d0000)
  eden space 328896K, 0% used [0x0000000139380000,0x0000000139380000,0x000000014d4b0000)
  from space 5184K, 93% used [0x000000014da20000,0x000000014ded8000,0x000000014df30000)
  to   space 5376K, 0% used [0x000000014d4b0000,0x000000014d4b0000,0x000000014d9f0000)
 ParOldGen       total 313536K, used 222444K [0x000000010e8d0000, 0x0000000121b00000, 0x0000000139380000)
  object space 313536K, 70% used [0x000000010e8d0000,0x000000011c20b0e8,0x0000000121b00000)
 PSPermGen       total 26240K, used 15060K [0x00000001096d0000, 0x000000010b070000, 0x000000010e8d0000)
  object space 26240K, 57% used [0x00000001096d0000,0x000000010a585030,0x000000010b070000)
}

